<?xml version="1.0" encoding="UTF-8"?>
<robot generator="Robot 2.6.3 (Jython 2.5.1 on java1.6.0_31)" generated="20120417 13:24:46.761">
<suite source="/Users/obartley/Projects/RobotMonkey/examples/ndtest/data" name="Data">
<doc/>
<metadata>
</metadata>
<suite source="/Users/obartley/Projects/RobotMonkey/examples/ndtest/data/feature.txt" name="Feature">
<doc/>
<metadata>
</metadata>
<test timeout="" name="Scenario 1">
<doc>Password login: positive case</doc>
<kw type="kw" timeout="" name="Given the login screen is displayed">
<doc/>
<arguments>
</arguments>
<msg timestamp="20120417 13:24:49.080" level="TRACE">Arguments: [  ]</msg>
<kw type="kw" timeout="" name="The app is started">
<doc/>
<arguments>
</arguments>
<msg timestamp="20120417 13:24:49.085" level="FAIL">No keyword with name 'The app is started' found.</msg>
<status status="FAIL" starttime="20120417 13:24:49.082" endtime="20120417 13:24:49.086"/>
</kw>
<status status="FAIL" starttime="20120417 13:24:49.075" endtime="20120417 13:24:49.111"/>
</kw>
<tags>
<tag>final</tag>
</tags>
<status status="FAIL" starttime="20120417 13:24:49.069" endtime="20120417 13:24:49.113" critical="yes">No keyword with name 'The app is started' found.</status>
</test>
<status status="FAIL" starttime="20120417 13:24:47.089" endtime="20120417 13:24:49.116"/>
</suite>
<status status="FAIL" starttime="20120417 13:24:46.764" endtime="20120417 13:24:49.120"/>
</suite>
<statistics>
<total>
<stat pass="0" fail="1">Critical Tests</stat>
<stat pass="0" fail="1">All Tests</stat>
</total>
<tag>
<stat info="critical" pass="0" doc="" combined="" fail="1" links="">final</stat>
</tag>
<suite>
<stat pass="0" idx="s1" fail="1" name="Data">Data</stat>
<stat pass="0" idx="s1-s1" fail="1" name="Feature">Data.Feature</stat>
</suite>
</statistics>
<errors>
<msg timestamp="20120417 13:24:49.063" level="ERROR">Error in file '/Users/obartley/Projects/RobotMonkey/examples/ndtest/data/feature.txt' in table 'Settings': Importing test library 'feature' failed: WebDriverException: java.net.SocketException: Connection reset
System info: os.name: 'Mac OS X', os.arch: 'x86_64', os.version: '10.7.3', java.version: '1.6.0_31'
Driver info: driver.version: AndroidNativeDriver
PYTHONPATH: ['/Users/obartley/Projects/RobotMonkey/libs/robotframework-2.6.3.jar/Lib/robot/libraries', '/Users/obartley/Projects/RobotMonkey/libs/robotframework-2.6.3.jar/Lib', '/Users/obartley/Projects/RobotMonkey/client-standalone.jar', 'examples/ndtest/libs', 'examples/ndtest/libs/android.sikuli', '/Users/obartley/Projects/RobotMonkey/libs/sikuli-script.jar/Lib', '/Users/obartley/Projects/RobotMonkey/libs/seemonkey.jar/python', 'libs/python', '/Users/obartley/Projects/RobotMonkey/libs/Lib', '/Users/obartley/Projects/RobotMonkey/libs/robotframework-2.6.3.jar/Lib', '__classpath__', '__pyclasspath__/', '.']
CLASSPATH: client-standalone.jar:libs/robotframework-2.6.3.jar:xalan-j_2_7_1/xalan.jar:libs/sikuli-script.jar:libs/seemonkey.jar:/Users/obartley/Library/android-sdk-macosx/tools/lib/guavalib.jar:/Users/obartley/Library/android-sdk-macosx/tools/lib/monkeyrunner.jar:/Users/obartley/Library/android-sdk-macosx/tools/lib/sdklib.jar:/Users/obartley/Library/android-sdk-macosx/tools/lib/chimpchat.jar:/Users/obartley/Library/android-sdk-macosx/tools/lib/ddmlib.jar:/Users/obartley/Library/android-sdk-macosx/tools/lib/hierarchyviewer2.jar
org.openqa.selenium.WebDriverException: 
	at org.openqa.selenium.remote.RemoteWebDriver.execute(RemoteWebDriver.java:406)
	at org.openqa.selenium.remote.RemoteWebDriver.startSession(RemoteWebDriver.java:103)
	at org.openqa.selenium.remote.RemoteWebDriver.&lt;init&gt;(RemoteWebDriver.java:86)
	at com.google.android.testing.nativedriver.client.AndroidNativeDriver.&lt;init&gt;(Unknown Source)
	at com.google.android.testing.nativedriver.client.AndroidNativeDriverBuilder.build(Unknown Source)
	at feature$py.f$0(examples/ndtest/libs/feature.py:46)
	at feature$py.call_function(examples/ndtest/libs/feature.py)
	at robot.utils.importing$py._non_dotted_import$5(/home/mkorpela/workspace/robot263/tmp-jar-dir/Lib/robot/utils/importing.py:95)
	at robot.utils.importing$py.call_function(/home/mkorpela/workspace/robot263/tmp-jar-dir/Lib/robot/utils/importing.py)
	at robot.utils.importing$py.import_$4(/home/mkorpela/workspace/robot263/tmp-jar-dir/Lib/robot/utils/importing.py:79)
	at robot.utils.importing$py.call_function(/home/mkorpela/workspace/robot263/tmp-jar-dir/Lib/robot/utils/importing.py)
	at robot.jarrunner$py.run$2(/home/mkorpela/workspace/robot263/tmp-jar-dir/Lib/robot/jarrunner.py:29)
	at robot.jarrunner$py.call_function(/home/mkorpela/workspace/robot263/tmp-jar-dir/Lib/robot/jarrunner.py)
	at org.robotframework.RobotFramework.run(RobotFramework.java:43)
	at org.robotframework.RobotFramework.main(RobotFramework.java:29)
Caused by: java.net.SocketException: Connection reset
	at java.net.SocketInputStream.read(SocketInputStream.java:168)
	at org.apache.http.impl.io.AbstractSessionInputBuffer.fillBuffer(AbstractSessionInputBuffer.java:130)
	at org.apache.http.impl.io.SocketInputBuffer.fillBuffer(SocketInputBuffer.java:127)
	at org.apache.http.impl.io.AbstractSessionInputBuffer.readLine(AbstractSessionInputBuffer.java:233)
	at org.apache.http.impl.conn.DefaultResponseParser.parseHead(DefaultResponseParser.java:98)
	at org.apache.http.impl.io.AbstractMessageParser.parse(AbstractMessageParser.java:210)
	at org.apache.http.impl.AbstractHttpClientConnection.receiveResponseHeader(AbstractHttpClientConnection.java:271)
	at org.apache.http.impl.conn.DefaultClientConnection.receiveResponseHeader(DefaultClientConnection.java:233)
	at org.apache.http.impl.conn.AbstractClientConnAdapter.receiveResponseHeader(AbstractClientConnAdapter.java:209)
	at org.apache.http.protocol.HttpRequestExecutor.doReceiveResponse(HttpRequestExecutor.java:292)
	at org.apache.http.protocol.HttpRequestExecutor.execute(HttpRequestExecutor.java:126)
	at org.apache.http.impl.client.DefaultRequestDirector.execute(DefaultRequestDirector.java:483)
	at org.apache.http.impl.client.AbstractHttpClient.execute(AbstractHttpClient.java:641)
	at org.openqa.selenium.remote.HttpCommandExecutor.fallBackExecute(HttpCommandExecutor.java:272)
	at org.openqa.selenium.remote.HttpCommandExecutor.execute(HttpCommandExecutor.java:252)
	at org.openqa.selenium.remote.RemoteWebDriver.execute(RemoteWebDriver.java:389)
	... 181 more</msg>
</errors>
</robot>
